<?xml version="1.0" encoding="UTF-8"?>
<testng-results ignored="0" total="2" passed="2" failed="0" skipped="0">
  <reporter-output>
  </reporter-output>
  <suite started-at="2024-05-03T19:18:52 IST" name="Default suite" finished-at="2024-05-03T19:19:03 IST" duration-ms="11133">
    <groups>
    </groups>
    <test started-at="2024-05-03T19:18:52 IST" name="Default test" finished-at="2024-05-03T19:19:03 IST" duration-ms="11133">
      <class name="pom_pack.Testable_class">
        <test-method is-config="true" signature="Browser_open()[pri:0, instance:pom_pack.Testable_class@1bd4fdd]" started-at="2024-05-03T19:18:52 IST" name="Browser_open" finished-at="2024-05-03T19:18:55 IST" duration-ms="2906" status="PASS">
          <reporter-output>
          </reporter-output>
        </test-method> <!-- Browser_open -->
        <test-method signature="Nop_Login()[pri:1, instance:pom_pack.Testable_class@1bd4fdd]" started-at="2024-05-03T19:18:55 IST" name="Nop_Login" finished-at="2024-05-03T19:19:01 IST" duration-ms="5589" status="PASS">
          <reporter-output>
          </reporter-output>
        </test-method> <!-- Nop_Login -->
        <test-method is-config="true" signature="afterMethod()[pri:0, instance:pom_pack.Testable_class@1bd4fdd]" started-at="2024-05-03T19:19:01 IST" name="afterMethod" finished-at="2024-05-03T19:19:01 IST" duration-ms="0" status="PASS">
          <reporter-output>
          </reporter-output>
        </test-method> <!-- afterMethod -->
        <test-method signature="customer_details()[pri:2, instance:pom_pack.Testable_class@1bd4fdd]" started-at="2024-05-03T19:19:01 IST" name="customer_details" finished-at="2024-05-03T19:19:03 IST" duration-ms="2576" status="PASS">
          <reporter-output>
          </reporter-output>
        </test-method> <!-- customer_details -->
        <test-method is-config="true" signature="afterMethod()[pri:0, instance:pom_pack.Testable_class@1bd4fdd]" started-at="2024-05-03T19:19:03 IST" name="afterMethod" finished-at="2024-05-03T19:19:03 IST" duration-ms="1" status="PASS">
          <reporter-output>
          </reporter-output>
        </test-method> <!-- afterMethod -->
      </class> <!-- pom_pack.Testable_class -->
    </test> <!-- Default test -->
  </suite> <!-- Default suite -->
</testng-results>
